Determining if the pthread_create exist failed with the following output:
Change Dir: /home/jintian/workspace/image_classifier/build/CMakeFiles/CMakeTmp

Run Build Command:"/usr/bin/make" "cmTC_d74e9/fast"
/usr/bin/make -f CMakeFiles/cmTC_d74e9.dir/build.make CMakeFiles/cmTC_d74e9.dir/build
make[1]: Entering directory '/home/jintian/workspace/image_classifier/build/CMakeFiles/CMakeTmp'
Building C object CMakeFiles/cmTC_d74e9.dir/CheckSymbolExists.c.o
/usr/bin/cc   -fPIC    -o CMakeFiles/cmTC_d74e9.dir/CheckSymbolExists.c.o   -c /home/jintian/workspace/image_classifier/build/CMakeFiles/CMakeTmp/CheckSymbolExists.c
Linking C executable cmTC_d74e9
/usr/local/bin/cmake -E cmake_link_script CMakeFiles/cmTC_d74e9.dir/link.txt --verbose=1
/usr/bin/cc -fPIC     CMakeFiles/cmTC_d74e9.dir/CheckSymbolExists.c.o  -o cmTC_d74e9 
CMakeFiles/cmTC_d74e9.dir/CheckSymbolExists.c.o: In function `main':
CheckSymbolExists.c:(.text+0x1b): undefined reference to `pthread_create'
collect2: error: ld returned 1 exit status
CMakeFiles/cmTC_d74e9.dir/build.make:97: recipe for target 'cmTC_d74e9' failed
make[1]: *** [cmTC_d74e9] Error 1
make[1]: Leaving directory '/home/jintian/workspace/image_classifier/build/CMakeFiles/CMakeTmp'
Makefile:126: recipe for target 'cmTC_d74e9/fast' failed
make: *** [cmTC_d74e9/fast] Error 2

File /home/jintian/workspace/image_classifier/build/CMakeFiles/CMakeTmp/CheckSymbolExists.c:
/* */
#include <pthread.h>

int main(int argc, char** argv)
{
  (void)argv;
#ifndef pthread_create
  return ((int*)(&pthread_create))[argc];
#else
  (void)argc;
  return 0;
#endif
}

Determining if the function pthread_create exists in the pthreads failed with the following output:
Change Dir: /home/jintian/workspace/image_classifier/build/CMakeFiles/CMakeTmp

Run Build Command:"/usr/bin/make" "cmTC_32ba9/fast"
/usr/bin/make -f CMakeFiles/cmTC_32ba9.dir/build.make CMakeFiles/cmTC_32ba9.dir/build
make[1]: Entering directory '/home/jintian/workspace/image_classifier/build/CMakeFiles/CMakeTmp'
Building C object CMakeFiles/cmTC_32ba9.dir/CheckFunctionExists.c.o
/usr/bin/cc   -fPIC -DCHECK_FUNCTION_EXISTS=pthread_create   -o CMakeFiles/cmTC_32ba9.dir/CheckFunctionExists.c.o   -c /usr/local/share/cmake-3.9/Modules/CheckFunctionExists.c
Linking C executable cmTC_32ba9
/usr/local/bin/cmake -E cmake_link_script CMakeFiles/cmTC_32ba9.dir/link.txt --verbose=1
/usr/bin/cc -fPIC -DCHECK_FUNCTION_EXISTS=pthread_create    CMakeFiles/cmTC_32ba9.dir/CheckFunctionExists.c.o  -o cmTC_32ba9 -lpthreads 
/usr/bin/ld: cannot find -lpthreads
collect2: error: ld returned 1 exit status
CMakeFiles/cmTC_32ba9.dir/build.make:97: recipe for target 'cmTC_32ba9' failed
make[1]: *** [cmTC_32ba9] Error 1
make[1]: Leaving directory '/home/jintian/workspace/image_classifier/build/CMakeFiles/CMakeTmp'
Makefile:126: recipe for target 'cmTC_32ba9/fast' failed
make: *** [cmTC_32ba9/fast] Error 2


